<?xml version="1.0" encoding="UTF-8"?>
<!-- Generated by org.testng.reporters.JUnitXMLReporter -->
<testsuite hostname="DESKTOP-L3T822C" ignored="0" name="Default test" tests="2" failures="0" timestamp="2022-04-19T17:58:36 IST" time="43.867" errors="0">
  <testcase name="runScenario" time="18.587" classname="io.cucumber.testng.AbstractTestNGCucumberTests"/>
  <testcase name="runScenario" time="22.167" classname="io.cucumber.testng.AbstractTestNGCucumberTests"/>
</testsuite> <!-- Default test -->
